mktextfm DFKai-SB/OT
mktextfm DFKai-SB/OT
mktextfm DFKai-SB/OT
mktextfm DFKai-SB/BI/OT
mktextfm DFKai-SB/OT
mktextfm DFKai-SB/B/OT
mktextfm DFKai-SB/OT
mktextfm DFKai-SB/I/OT
mktextfm DFKai-SB/OT
mktextfm DFKai-SB/OT
mktextfm DFKai-SB/OT
mktextfm DFKai-SB/OT
mktextfm DFKai-SB/OT
mktextfm DFKai-SB/OT
mktextfm BiauKai/OT
mktextfm BiauKai/OT
mktextfm BiauKai/OT
mktextfm BiauKai/BI/OT
mktextfm BiauKai/OT
mktextfm BiauKai/B/OT
mktextfm BiauKai/OT
mktextfm BiauKai/I/OT
mktextfm BiauKai/OT
mktextfm BiauKai/OT
mktextfm BiauKai/OT
mktextfm BiauKai/OT
mktextfm BiauKai/OT
